<?xml version="1.0" encoding="utf-8"?><testsuites><testsuite name="pytest" errors="0" failures="0" skipped="0" tests="4" time="18.872" timestamp="2024-04-22T00:18:20.645744" hostname="sebastiancg"><testcase classname="tests.model.test_model.TestModel" name="test_model_fit" time="5.375" /><testcase classname="tests.model.test_model.TestModel" name="test_model_predict" time="4.349" /><testcase classname="tests.model.test_model.TestModel" name="test_model_preprocess_for_serving" time="0.521" /><testcase classname="tests.model.test_model.TestModel" name="test_model_preprocess_for_training" time="3.914" /></testsuite></testsuites>